build/app/outputs/mapping/release/seeds.txt
com.example.fitti_frontend_app.MainActivity
com.example.fitti_frontend_app.MainActivity: MainActivity()
...
kotlin.jvm.internal.CallableReference: java.lang.String signature
com.google.crypto.tink.proto.AesSivKeyFormat: com.google.crypto.tink.proto.AesSivKeyFormat DEFAULT_INSTANCE
androidx.window.R$styleable: int[] SplitPairRule
androidx.window.embedding.ExtensionEmbeddingBackend: java.lang.String TAG
androidx.window.embedding.ExtensionEmbeddingBackend$SplitListenerWrapper: java.util.List lastValue
androidx.lifecycle.Lifecycle$Event: androidx.lifecycle.Lifecycle$Event[] $VALUES
androidx.window.layout.SidecarWindowBackend: androidx.window.layout.ExtensionInterfaceCompat windowExtension
androidx.window.layout.SidecarCompat: androidx.window.layout.SidecarCompat$Companion Companion
androidx.window.embedding.SplitInfo: androidx.window.embedding.ActivityStack secondaryActivityStack
kotlin.jvm.internal.Lambda: int arity
kotlinx.coroutines.internal.LockFreeTaskQueueCore: long _state
com.google.crypto.tink.shaded.protobuf.GeneratedMessageLite: int MUTABLE_FLAG_MASK
com.google.crypto.tink.proto.HmacKeyFormat: int KEY_SIZE_FIELD_NUMBER
androidx.window.layout.SidecarAdapter: androidx.window.layout.SidecarAdapter$Companion Companion
kotlin.jvm.internal.CallableReference: java.lang.Object NO_RECEIVER
androidx.lifecycle.Lifecycle$Event: androidx.lifecycle.Lifecycle$Event ON_ANY
com.google.crypto.tink.proto.AesCtrKey: int VERSION_FIELD_NUMBER
com.google.crypto.tink.proto.AesCmacKeyFormat: com.google.crypto.tink.shaded.protobuf.Parser PARSER
androidx.window.java.layout.WindowInfoTrackerCallbackAdapter: java.util.concurrent.locks.ReentrantLock lock
androidx.window.embedding.SplitPairRule: boolean clearTop
androidx.window.layout.SidecarCompat$DistinctElementCallback: androidx.window.layout.ExtensionInterfaceCompat$ExtensionCallbackInterface callbackInterface
androidx.window.java.layout.WindowInfoTrackerCallbackAdapter$addListener$1$1$invokeSuspend$$inlined$collect$1: androidx.core.util.Consumer $consumer$inlined
com.google.crypto.tink.proto.EncryptedKeyset: com.google.crypto.tink.proto.EncryptedKeyset DEFAULT_INSTANCE
kotlinx.coroutines.internal.LockFreeTaskQueueCore: java.lang.Object _next
com.google.crypto.tink.proto.AesCtrHmacAeadKeyFormat: com.google.crypto.tink.proto.HmacKeyFormat hmacKeyFormat_
androidx.window.embedding.SplitController: androidx.window.embedding.SplitController$Companion Companion
com.google.crypto.tink.proto.KeyTemplate: int outputPrefixType_
kotlinx.coroutines.scheduling.CoroutineScheduler$Worker: int indexInArray
com.google.crypto.tink.proto.KmsEnvelopeAeadKeyFormat: java.lang.String kekUri_
androidx.window.embedding.SplitRule: int minSmallestWidth
com.google.crypto.tink.proto.KmsAeadKeyFormat: com.google.crypto.tink.proto.KmsAeadKeyFormat DEFAULT_INSTANCE
com.google.crypto.tink.proto.EncryptedKeyset: com.google.crypto.tink.proto.KeysetInfo keysetInfo_
androidx.lifecycle.Lifecycle$Event: androidx.lifecycle.Lifecycle$Event ON_CREATE
com.google.crypto.tink.proto.KeyTypeEntry: int PRIMITIVE_NAME_FIELD_NUMBER
androidx.window.layout.FoldingFeature$State: androidx.window.layout.FoldingFeature$State$Companion Companion
io.flutter.plugin.platform.SingleViewPresentation: android.content.Context outerContext
kotlinx.coroutines.scheduling.CoroutineScheduler: long parkedWorkersStack
com.google.crypto.tink.proto.EncryptedKeyset: com.google.crypto.tink.shaded.protobuf.Parser PARSER
com.google.crypto.tink.proto.KeyData: int VALUE_FIELD_NUMBER
com.google.crypto.tink.proto.KeyTypeEntry: com.google.crypto.tink.shaded.protobuf.Parser PARSER
com.google.crypto.tink.proto.HmacKey: int VERSION_FIELD_NUMBER
io.flutter.view.FlutterCallbackInformation: java.lang.String callbackClassName
androidx.window.layout.HardwareFoldingFeature: androidx.window.layout.HardwareFoldingFeature$Type type
androidx.window.layout.ActivityCompatHelperApi30: androidx.window.layout.ActivityCompatHelperApi30 INSTANCE
androidx.window.embedding.ExtensionEmbeddingBackend: androidx.window.embedding.ExtensionEmbeddingBackend$Companion Companion