build/app/outputs/mapping/release/mapping.txt
# compiler: R8
# compiler_version: 3.3.70
# min_api: 18
# common_typos_disable
# {"id":"com.android.tools.r8.mapping","version":"2.0"}
# pg_map_id: 2a3ea0c
# pg_map_hash: SHA-256 2a3ea0c8d81feb76e4d0fa09af521d83e632da5c587d8b4bcf71839ef3c378e6
...
io.flutter.view.TextureRegistry$SurfaceTextureEntry -> io.flutter.view.t0$c:
    void setOnTrimMemoryListener(io.flutter.view.TextureRegistry$OnTrimMemoryListener) -> a
    void setOnFrameConsumedListener(io.flutter.view.TextureRegistry$OnFrameConsumedListener) -> b
    android.graphics.SurfaceTexture surfaceTexture() -> c
    long id() -> d
io.flutter.view.VsyncWaiter -> io.flutter.view.u0:
    io.flutter.view.VsyncWaiter$DisplayListener listener -> f
    io.flutter.embedding.engine.FlutterJNI flutterJNI -> b
    io.flutter.view.VsyncWaiter instance -> e
    io.flutter.view.VsyncWaiter$FrameCallback frameCallback -> c
    long refreshPeriodNanos -> a
    io.flutter.embedding.engine.FlutterJNI$AsyncWaitForVsyncDelegate asyncWaitForVsyncDelegate -> d
    long access$000(io.flutter.view.VsyncWaiter) -> a
    long access$002(io.flutter.view.VsyncWaiter,long) -> b
    io.flutter.embedding.engine.FlutterJNI access$100(io.flutter.view.VsyncWaiter) -> c
    io.flutter.view.VsyncWaiter$FrameCallback access$200(io.flutter.view.VsyncWaiter) -> d
    io.flutter.view.VsyncWaiter$FrameCallback access$202(io.flutter.view.VsyncWaiter,io.flutter.view.VsyncWaiter$FrameCallback) -> e
    io.flutter.view.VsyncWaiter getInstance(android.hardware.display.DisplayManager,io.flutter.embedding.engine.FlutterJNI) -> f
    void init() -> g
io.flutter.view.VsyncWaiter$1 -> io.flutter.view.u0$a:
    io.flutter.view.VsyncWaiter this$0 -> a
    void asyncWaitForVsync(long) -> a
    android.view.Choreographer$FrameCallback obtainFrameCallback(long) -> b
io.flutter.view.VsyncWaiter$DisplayListener -> io.flutter.view.u0$b:
    android.hardware.display.DisplayManager displayManager -> a
    io.flutter.view.VsyncWaiter this$0 -> b
    void register() -> a
io.flutter.view.VsyncWaiter$FrameCallback -> io.flutter.view.u0$c:
    long cookie -> a
    io.flutter.view.VsyncWaiter this$0 -> b
    long access$302(io.flutter.view.VsyncWaiter$FrameCallback,long) -> a
io.github.ponnamkarthik.toast.fluttertoast.FlutterToastPlugin -> x0.a:
    io.flutter.plugin.common.MethodChannel channel -> a
    void setupChannel(io.flutter.plugin.common.BinaryMessenger,android.content.Context) -> a
    void teardownChannel() -> b
    void onAttachedToEngine(io.flutter.embedding.engine.plugins.FlutterPlugin$FlutterPluginBinding) -> h
    void onDetachedFromEngine(io.flutter.embedding.engine.plugins.FlutterPlugin$FlutterPluginBinding) -> i
io.github.ponnamkarthik.toast.fluttertoast.MethodCallHandlerImpl -> x0.d:
    android.content.Context context -> a
    android.widget.Toast mToast -> b
    void onMethodCall(io.flutter.plugin.common.MethodCall,io.flutter.plugin.common.MethodChannel$Result) -> a
    void $r8$lambda$c_dkb8BCq9M_P_SZNeufT732LAo(io.github.ponnamkarthik.toast.fluttertoast.MethodCallHandlerImpl) -> b
      # {"id":"com.android.tools.r8.synthesized"}
    void access$setMToast$p(io.github.ponnamkarthik.toast.fluttertoast.MethodCallHandlerImpl,android.widget.Toast) -> c
    void onMethodCall$lambda-0(io.github.ponnamkarthik.toast.fluttertoast.MethodCallHandlerImpl) -> d
io.github.ponnamkarthik.toast.fluttertoast.MethodCallHandlerImpl$$ExternalSyntheticApiModelOutline0 -> x0.b:
# {"id":"sourceFile","fileName":"R8$$SyntheticClass"}
# {"id":"com.android.tools.r8.synthesized"}
    void io.github.ponnamkarthik.toast.fluttertoast.MethodCallHandlerImpl$$InternalSyntheticApiModelOutline$2$651881769a0fbc054131f4869781979806d11692747ba542d4a7a39d482ff464$2.m(android.widget.Toast,android.widget.Toast$Callback) -> a
      # {"id":"com.android.tools.r8.synthesized"}