build/app/outputs/mapping/release/usage.txt
com.example.fitti_frontend_app.BuildConfig
com.example.fitti_frontend_app.R$attr
com.example.fitti_frontend_app.R$color
com.example.fitti_frontend_app.R$dimen
com.example.fitti_frontend_app.R$drawable
com.example.fitti_frontend_app.R$id
com.example.fitti_frontend_app.R$integer
com.example.fitti_frontend_app.R$layout
com.example.fitti_frontend_app.R$mipmap
com.example.fitti_frontend_app.R$string
com.example.fitti_frontend_app.R$style
com.example.fitti_frontend_app.R$styleable
com.example.fitti_frontend_app.R
...
io.flutter.embedding.engine.plugins.FlutterPlugin$FlutterPluginBinding:
    public io.flutter.embedding.engine.FlutterEngineGroup getEngineGroup()
    public io.flutter.embedding.engine.plugins.FlutterPlugin$FlutterAssets getFlutterAssets()
    public io.flutter.embedding.engine.FlutterEngine getFlutterEngine()
    public io.flutter.plugin.platform.PlatformViewRegistry getPlatformViewRegistry()
    public io.flutter.view.TextureRegistry getTextureRegistry()
io.flutter.embedding.engine.plugins.PluginRegistry:
    public abstract void add(java.util.Set)
    public abstract io.flutter.embedding.engine.plugins.FlutterPlugin get(java.lang.Class)
    public abstract boolean has(java.lang.Class)
    public abstract void remove(java.lang.Class)
    public abstract void remove(java.util.Set)
    public abstract void removeAll()
io.flutter.embedding.engine.plugins.activity.ActivityPluginBinding:
    public abstract void addActivityResultListener(io.flutter.plugin.common.PluginRegistry$ActivityResultListener)
    public abstract void addOnNewIntentListener(io.flutter.plugin.common.PluginRegistry$NewIntentListener)
    public abstract void addOnSaveStateListener(io.flutter.embedding.engine.plugins.activity.ActivityPluginBinding$OnSaveInstanceStateListener)
    public abstract void addOnUserLeaveHintListener(io.flutter.plugin.common.PluginRegistry$UserLeaveHintListener)
    public abstract void addOnWindowFocusChangedListener(io.flutter.plugin.common.PluginRegistry$WindowFocusChangedListener)
    public abstract void addRequestPermissionsResultListener(io.flutter.plugin.common.PluginRegistry$RequestPermissionsResultListener)
    public abstract android.app.Activity getActivity()
    public abstract java.lang.Object getLifecycle()
    public abstract void removeActivityResultListener(io.flutter.plugin.common.PluginRegistry$ActivityResultListener)
    public abstract void removeOnNewIntentListener(io.flutter.plugin.common.PluginRegistry$NewIntentListener)
    public abstract void removeOnSaveStateListener(io.flutter.embedding.engine.plugins.activity.ActivityPluginBinding$OnSaveInstanceStateListener)
    public abstract void removeOnUserLeaveHintListener(io.flutter.plugin.common.PluginRegistry$UserLeaveHintListener)
io.flutter.embedding.engine.plugins.broadcastreceiver.BroadcastReceiverControlSurface
io.flutter.embedding.engine.plugins.broadcastreceiver.BroadcastReceiverPluginBinding:
    public abstract android.content.BroadcastReceiver getBroadcastReceiver()
io.flutter.embedding.engine.plugins.contentprovider.ContentProviderControlSurface
io.flutter.embedding.engine.plugins.contentprovider.ContentProviderPluginBinding:
    public abstract android.content.ContentProvider getContentProvider()
io.flutter.embedding.engine.plugins.service.ServiceAware$OnModeChangeListener
io.flutter.embedding.engine.plugins.service.ServiceControlSurface
io.flutter.embedding.engine.plugins.service.ServicePluginBinding:
    public abstract void addOnModeChangeListener(io.flutter.embedding.engine.plugins.service.ServiceAware$OnModeChangeListener)
    public abstract java.lang.Object getLifecycle()
    public abstract android.app.Service getService()
    public abstract void removeOnModeChangeListener(io.flutter.embedding.engine.plugins.service.ServiceAware$OnModeChangeListener)
io.flutter.embedding.engine.plugins.shim.ShimPluginRegistry$1
io.flutter.embedding.engine.plugins.shim.ShimPluginRegistry$ShimRegistrarAggregate
io.flutter.embedding.engine.plugins.shim.ShimPluginRegistry
io.flutter.embedding.engine.plugins.shim.ShimRegistrar
io.flutter.embedding.engine.plugins.util.GeneratedPluginRegister:
    private static final java.lang.String TAG
    public void <init>()
io.flutter.embedding.engine.renderer.FlutterRenderer$SurfaceTextureRegistryEntry:
    public void release()
    private void removeListener()
io.flutter.embedding.engine.renderer.FlutterRenderer$ViewportMetrics:
    public static final int unsetValue